Looking for git in: git
Using git 2.17.1 from git
> git rev-parse --git-dir
Open repository: /var/www/v-cart
> git status -z -u
> git symbolic-ref --short HEAD
> git rev-parse master
> git rev-parse --symbolic-full-name master@{u}
> git rev-list --left-right master...refs/remotes/origin/master
> git for-each-ref --sort -committerdate --format %(refname) %(objectname)
> git remote --verbose
> git config --get commit.template
> git check-ignore -v -z --stdin
> git check-ignore -v -z --stdin
> git show --textconv :src/main.js
> git ls-files --stage -- /var/www/v-cart/src/main.js
> git cat-file -s 0b2b9bb9169b919fd68be44773dd1d7c597fe1e4
> git status -z -u
> git symbolic-ref --short HEAD
> git rev-parse master
> git rev-parse --symbolic-full-name master@{u}
> git rev-list --left-right master...refs/remotes/origin/master
> git for-each-ref --sort -committerdate --format %(refname) %(objectname)
> git remote --verbose
> git config --get commit.template
> git status -z -u
> git symbolic-ref --short HEAD
> git rev-parse master
> git rev-parse --symbolic-full-name master@{u}
> git rev-list --left-right master...refs/remotes/origin/master
> git for-each-ref --sort -committerdate --format %(refname) %(objectname)
> git remote --verbose
> git config --get commit.template
> git status -z -u
> git symbolic-ref --short HEAD
> git rev-parse master
> git rev-parse --symbolic-full-name master@{u}
> git rev-list --left-right master...refs/remotes/origin/master
> git for-each-ref --sort -committerdate --format %(refname) %(objectname)
> git remote --verbose
> git config --get commit.template
> git show --textconv :src/App.vue
> git ls-files --stage -- /var/www/v-cart/src/App.vue
> git cat-file -s 55df315325bff60798291a7a13720ef273f6c3bb
> git status -z -u
> git symbolic-ref --short HEAD
> git rev-parse master
> git rev-parse --symbolic-full-name master@{u}
> git rev-list --left-right master...refs/remotes/origin/master
> git for-each-ref --sort -committerdate --format %(refname) %(objectname)
> git remote --verbose
> git config --get commit.template
> git show --textconv :src/App.vue
> git ls-files --stage -- /var/www/v-cart/src/App.vue
> git cat-file -s 55df315325bff60798291a7a13720ef273f6c3bb
> git log --format=%H%n%aN%n%aE%n%at%n%ct%n%P%n%B -z -n21 -- /var/www/v-cart/src/App.vue
> git check-ignore -v -z --stdin
> git show --textconv :src/components/HelloWorld.vue
> git ls-files --stage -- /var/www/v-cart/src/components/HelloWorld.vue
> git cat-file -s 879051a29739fdfb17ae82ed23b53fac251c2b7e
> git show --textconv :src/App.vue
> git ls-files --stage -- /var/www/v-cart/src/App.vue
> git cat-file -s 55df315325bff60798291a7a13720ef273f6c3bb
> git status -z -u
> git symbolic-ref --short HEAD
> git rev-parse master
> git rev-parse --symbolic-full-name master@{u}
> git rev-list --left-right master...refs/remotes/origin/master
> git for-each-ref --sort -committerdate --format %(refname) %(objectname)
> git remote --verbose
> git config --get commit.template
> git status -z -u
> git symbolic-ref --short HEAD
> git rev-parse master
> git rev-parse --symbolic-full-name master@{u}
> git rev-list --left-right master...refs/remotes/origin/master
> git for-each-ref --sort -committerdate --format %(refname) %(objectname)
> git remote --verbose
> git config --get commit.template
> git show --textconv :src/main.js
> git ls-files --stage -- /var/www/v-cart/src/main.js
> git cat-file -s 0b2b9bb9169b919fd68be44773dd1d7c597fe1e4
> git status -z -u
> git symbolic-ref --short HEAD
> git rev-parse master
> git rev-parse --symbolic-full-name master@{u}
> git rev-list --left-right master...refs/remotes/origin/master
> git for-each-ref --sort -committerdate --format %(refname) %(objectname)
> git remote --verbose
> git config --get commit.template
> git status -z -u
> git symbolic-ref --short HEAD
> git rev-parse master
> git rev-parse --symbolic-full-name master@{u}
> git rev-list --left-right master...refs/remotes/origin/master
> git for-each-ref --sort -committerdate --format %(refname) %(objectname)
> git remote --verbose
> git config --get commit.template
> git status -z -u
> git symbolic-ref --short HEAD
> git rev-parse master
> git rev-parse --symbolic-full-name master@{u}
> git rev-list --left-right master...refs/remotes/origin/master
> git for-each-ref --sort -committerdate --format %(refname) %(objectname)
> git remote --verbose
> git config --get commit.template
> git status -z -u
> git symbolic-ref --short HEAD
> git rev-parse master
> git rev-parse --symbolic-full-name master@{u}
> git rev-list --left-right master...refs/remotes/origin/master
> git for-each-ref --sort -committerdate --format %(refname) %(objectname)
> git remote --verbose
> git config --get commit.template
> git status -z -u
> git symbolic-ref --short HEAD
> git rev-parse master
> git rev-parse --symbolic-full-name master@{u}
> git rev-list --left-right master...refs/remotes/origin/master
> git for-each-ref --sort -committerdate --format %(refname) %(objectname)
> git remote --verbose
> git config --get commit.template
> git status -z -u
> git symbolic-ref --short HEAD
> git rev-parse master
> git rev-parse --symbolic-full-name master@{u}
> git rev-list --left-right master...refs/remotes/origin/master
> git for-each-ref --sort -committerdate --format %(refname) %(objectname)
> git remote --verbose
> git config --get commit.template
> git show --textconv :package.json
> git ls-files --stage -- /var/www/v-cart/package.json
> git cat-file -s 707fd3f3c4fe4e75507b75cbcdb2416c76df3fe6
> git show --textconv :src/main.js
> git ls-files --stage -- /var/www/v-cart/src/main.js
> git cat-file -s 0b2b9bb9169b919fd68be44773dd1d7c597fe1e4
> git show --textconv :src/App.vue
> git ls-files --stage -- /var/www/v-cart/src/App.vue
> git cat-file -s 55df315325bff60798291a7a13720ef273f6c3bb
> git show --textconv :src/main.js
> git ls-files --stage -- /var/www/v-cart/src/main.js
> git cat-file -s 0b2b9bb9169b919fd68be44773dd1d7c597fe1e4
> git show --textconv :src/App.vue
> git ls-files --stage -- /var/www/v-cart/src/App.vue
> git cat-file -s 55df315325bff60798291a7a13720ef273f6c3bb
> git status -z -u
> git symbolic-ref --short HEAD
> git rev-parse master
> git rev-parse --symbolic-full-name master@{u}
> git rev-list --left-right master...refs/remotes/origin/master
> git for-each-ref --sort -committerdate --format %(refname) %(objectname)
> git remote --verbose
> git config --get commit.template
> git status -z -u
> git symbolic-ref --short HEAD
> git rev-parse master
> git rev-parse --symbolic-full-name master@{u}
> git rev-list --left-right master...refs/remotes/origin/master
> git for-each-ref --sort -committerdate --format %(refname) %(objectname)
> git remote --verbose
> git config --get commit.template
> git show --textconv :src/main.js
> git ls-files --stage -- /var/www/v-cart/src/main.js
> git cat-file -s 0b2b9bb9169b919fd68be44773dd1d7c597fe1e4
> git show --textconv :src/App.vue
> git ls-files --stage -- /var/www/v-cart/src/App.vue
> git cat-file -s 55df315325bff60798291a7a13720ef273f6c3bb
> git status -z -u
> git symbolic-ref --short HEAD
> git rev-parse master
> git rev-parse --symbolic-full-name master@{u}
> git rev-list --left-right master...refs/remotes/origin/master
> git for-each-ref --sort -committerdate --format %(refname) %(objectname)
> git remote --verbose
> git config --get commit.template
> git status -z -u
> git symbolic-ref --short HEAD
> git rev-parse master
> git rev-parse --symbolic-full-name master@{u}
> git rev-list --left-right master...refs/remotes/origin/master
> git for-each-ref --sort -committerdate --format %(refname) %(objectname)
> git remote --verbose
> git config --get commit.template
> git status -z -u
> git symbolic-ref --short HEAD
> git rev-parse master
> git rev-parse --symbolic-full-name master@{u}
> git rev-list --left-right master...refs/remotes/origin/master
> git for-each-ref --sort -committerdate --format %(refname) %(objectname)
> git remote --verbose
> git config --get commit.template
> git status -z -u
> git symbolic-ref --short HEAD
> git rev-parse master
> git rev-parse --symbolic-full-name master@{u}
> git rev-list --left-right master...refs/remotes/origin/master
> git for-each-ref --sort -committerdate --format %(refname) %(objectname)
> git remote --verbose
> git config --get commit.template
> git status -z -u
> git symbolic-ref --short HEAD
> git rev-parse master
> git rev-parse --symbolic-full-name master@{u}
> git rev-list --left-right master...refs/remotes/origin/master
> git for-each-ref --sort -committerdate --format %(refname) %(objectname)
> git remote --verbose
> git config --get commit.template
> git status -z -u
> git symbolic-ref --short HEAD
> git rev-parse master
> git rev-parse --symbolic-full-name master@{u}
> git rev-list --left-right master...refs/remotes/origin/master
> git for-each-ref --sort -committerdate --format %(refname) %(objectname)
> git remote --verbose
> git config --get commit.template
> git show --textconv :package.json
> git ls-files --stage -- /var/www/v-cart/package.json
> git cat-file -s 707fd3f3c4fe4e75507b75cbcdb2416c76df3fe6
> git status -z -u
> git symbolic-ref --short HEAD
> git rev-parse master
> git rev-parse --symbolic-full-name master@{u}
> git rev-list --left-right master...refs/remotes/origin/master
> git for-each-ref --sort -committerdate --format %(refname) %(objectname)
> git remote --verbose
> git config --get commit.template
> git status -z -u
> git symbolic-ref --short HEAD
> git rev-parse master
> git rev-parse --symbolic-full-name master@{u}
> git rev-list --left-right master...refs/remotes/origin/master
> git for-each-ref --sort -committerdate --format %(refname) %(objectname)
> git remote --verbose
> git config --get commit.template
> git status -z -u
> git symbolic-ref --short HEAD
> git rev-parse master
> git rev-parse --symbolic-full-name master@{u}
> git rev-list --left-right master...refs/remotes/origin/master
> git for-each-ref --sort -committerdate --format %(refname) %(objectname)
> git remote --verbose
> git config --get commit.template
