[2020-08-25 19:54:14.498] [renderer1] [error] Error: [File Watcher (chokidar)] Inotify limit reached (ENOSPC)
[2020-08-25 19:54:14.575] [renderer1] [error] [File Watcher (chokidar)] Inotify limit reached (ENOSPC)
[2020-08-25 20:30:09.086] [renderer1] [error] name must not be falsy: Error: name must not be falsy
	at Function.validate (/usr/share/code/resources/app/out/vs/workbench/services/extensions/node/extensionHostProcess.js:455:18)
	at new x (/usr/share/code/resources/app/out/vs/workbench/services/extensions/node/extensionHostProcess.js:454:950)
	at new x (/usr/share/code/resources/app/out/vs/workbench/services/extensions/node/extensionHostProcess.js:442:276)
	at asSymbolInformation (/root/.vscode/extensions/octref.vetur-0.26.1/node_modules/vscode-languageclient/lib/protocolConverter.js:449:22)
	at /root/.vscode/extensions/octref.vetur-0.26.1/node_modules/vscode-languageclient/lib/protocolConverter.js:429:42
	at Array.map (<anonymous>)
	at Object.asSymbolInformations (/root/.vscode/extensions/octref.vetur-0.26.1/node_modules/vscode-languageclient/lib/protocolConverter.js:429:23)
	at /root/.vscode/extensions/octref.vetur-0.26.1/node_modules/vscode-languageclient/lib/client.js:1088:70
[2020-08-25 20:30:15.695] [renderer1] [error] name must not be falsy: Error: name must not be falsy
	at Function.validate (/usr/share/code/resources/app/out/vs/workbench/services/extensions/node/extensionHostProcess.js:455:18)
	at new x (/usr/share/code/resources/app/out/vs/workbench/services/extensions/node/extensionHostProcess.js:454:950)
	at new x (/usr/share/code/resources/app/out/vs/workbench/services/extensions/node/extensionHostProcess.js:442:276)
	at asSymbolInformation (/root/.vscode/extensions/octref.vetur-0.26.1/node_modules/vscode-languageclient/lib/protocolConverter.js:449:22)
	at /root/.vscode/extensions/octref.vetur-0.26.1/node_modules/vscode-languageclient/lib/protocolConverter.js:429:42
	at Array.map (<anonymous>)
	at Object.asSymbolInformations (/root/.vscode/extensions/octref.vetur-0.26.1/node_modules/vscode-languageclient/lib/protocolConverter.js:429:23)
	at /root/.vscode/extensions/octref.vetur-0.26.1/node_modules/vscode-languageclient/lib/client.js:1088:70
[2020-08-25 20:40:38.487] [renderer1] [error] name must not be falsy: Error: name must not be falsy
	at Function.validate (/usr/share/code/resources/app/out/vs/workbench/services/extensions/node/extensionHostProcess.js:455:18)
	at new x (/usr/share/code/resources/app/out/vs/workbench/services/extensions/node/extensionHostProcess.js:454:950)
	at new x (/usr/share/code/resources/app/out/vs/workbench/services/extensions/node/extensionHostProcess.js:442:276)
	at asSymbolInformation (/root/.vscode/extensions/octref.vetur-0.26.1/node_modules/vscode-languageclient/lib/protocolConverter.js:449:22)
	at /root/.vscode/extensions/octref.vetur-0.26.1/node_modules/vscode-languageclient/lib/protocolConverter.js:429:42
	at Array.map (<anonymous>)
	at Object.asSymbolInformations (/root/.vscode/extensions/octref.vetur-0.26.1/node_modules/vscode-languageclient/lib/protocolConverter.js:429:23)
	at /root/.vscode/extensions/octref.vetur-0.26.1/node_modules/vscode-languageclient/lib/client.js:1088:70
